DEBUG:docker.utils.config:Trying paths: ['/home/curso/.docker/config.json', '/home/curso/.dockercfg']
DEBUG:docker.utils.config:Found file at path: /home/curso/.docker/config.json
DEBUG:docker.auth:Found 'auths' section
DEBUG:docker.auth:Found entry (registry='localhost:443', username='user')
DEBUG:docker.utils.config:Trying paths: ['/home/curso/.docker/config.json', '/home/curso/.dockercfg']
DEBUG:docker.utils.config:Found file at path: /home/curso/.docker/config.json
DEBUG:docker.auth:Found 'auths' section
DEBUG:docker.auth:Found entry (registry='localhost:443', username='user')
DEBUG:urllib3.connectionpool:http://localhost:None "GET /version HTTP/1.1" 200 842
DEBUG:urllib3.connectionpool:http://localhost:None "GET /v1.41/_ping HTTP/1.1" 200 2
INFO:werkzeug: * Running on http://127.0.0.1:5000 (Press CTRL+C to quit)
INFO:werkzeug: * Restarting with stat
DEBUG:docker.utils.config:Trying paths: ['/home/curso/.docker/config.json', '/home/curso/.dockercfg']
DEBUG:docker.utils.config:Found file at path: /home/curso/.docker/config.json
DEBUG:docker.auth:Found 'auths' section
DEBUG:docker.auth:Found entry (registry='localhost:443', username='user')
DEBUG:urllib3.connectionpool:http://localhost:None "GET /version HTTP/1.1" 200 842
DEBUG:urllib3.connectionpool:http://localhost:None "GET /v1.41/_ping HTTP/1.1" 200 2
INFO:werkzeug: * Running on http://127.0.0.1:5000 (Press CTRL+C to quit)
INFO:werkzeug: * Restarting with stat
DEBUG:docker.utils.config:Trying paths: ['/home/curso/.docker/config.json', '/home/curso/.dockercfg']
DEBUG:docker.utils.config:Found file at path: /home/curso/.docker/config.json
DEBUG:docker.auth:Found 'auths' section
DEBUG:docker.auth:Found entry (registry='localhost:443', username='user')
DEBUG:urllib3.connectionpool:http://localhost:None "GET /version HTTP/1.1" 200 842
DEBUG:urllib3.connectionpool:http://localhost:None "GET /v1.41/_ping HTTP/1.1" 200 2
WARNING:werkzeug: * Debugger is active!
INFO:werkzeug: * Debugger PIN: 796-795-838
DEBUG:docker.utils.config:Trying paths: ['/home/curso/.docker/config.json', '/home/curso/.dockercfg']
DEBUG:docker.utils.config:Found file at path: /home/curso/.docker/config.json
DEBUG:docker.auth:Found 'auths' section
DEBUG:docker.auth:Found entry (registry='localhost:443', username='user')
DEBUG:urllib3.connectionpool:http://localhost:None "GET /version HTTP/1.1" 200 842
DEBUG:urllib3.connectionpool:http://localhost:None "GET /v1.41/_ping HTTP/1.1" 200 2
DEBUG:docker.utils.config:Trying paths: ['/home/curso/.docker/config.json', '/home/curso/.dockercfg']
DEBUG:docker.utils.config:Found file at path: /home/curso/.docker/config.json
DEBUG:docker.auth:Found 'auths' section
DEBUG:docker.auth:Found entry (registry='localhost:443', username='user')
DEBUG:urllib3.connectionpool:http://localhost:None "GET /version HTTP/1.1" 200 842
DEBUG:urllib3.connectionpool:http://localhost:None "GET /v1.41/_ping HTTP/1.1" 200 2
INFO:werkzeug: * Running on http://127.0.0.1:5000 (Press CTRL+C to quit)
INFO:werkzeug: * Restarting with stat
DEBUG:docker.utils.config:Trying paths: ['/home/curso/.docker/config.json', '/home/curso/.dockercfg']
DEBUG:docker.utils.config:Found file at path: /home/curso/.docker/config.json
DEBUG:docker.auth:Found 'auths' section
DEBUG:docker.auth:Found entry (registry='localhost:443', username='user')
DEBUG:urllib3.connectionpool:http://localhost:None "GET /version HTTP/1.1" 200 842
DEBUG:urllib3.connectionpool:http://localhost:None "GET /v1.41/_ping HTTP/1.1" 200 2
WARNING:werkzeug: * Debugger is active!
INFO:werkzeug: * Debugger PIN: 796-795-838
DEBUG:docker.utils.config:Trying paths: ['/home/curso/.docker/config.json', '/home/curso/.dockercfg']
DEBUG:docker.utils.config:Found file at path: /home/curso/.docker/config.json
DEBUG:docker.auth:Found 'auths' section
DEBUG:docker.auth:Found entry (registry='localhost:443', username='user')
DEBUG:urllib3.connectionpool:http://localhost:None "GET /version HTTP/1.1" 200 842
DEBUG:urllib3.connectionpool:http://localhost:None "GET /v1.41/_ping HTTP/1.1" 200 2
